<?xml version="1.0" encoding="UTF-8"?>
<testsuite xmlns:xsi="http://www.w3.org/2001/XMLSchema-instance" xsi:noNamespaceSchemaLocation="https://maven.apache.org/surefire/maven-surefire-plugin/xsd/surefire-test-report-3.0.xsd" version="3.0" name="TestSuite" time="13.445" tests="3" errors="0" skipped="0" failures="1">
  <properties>
    <property name="java.specification.version" value="17"/>
    <property name="sun.cpu.isalist" value="amd64"/>
    <property name="sun.jnu.encoding" value="Cp1252"/>
    <property name="java.class.path" value="c:\Users\ASUS\Documents\SQA24\JCBelajarCucumber\target\test-classes;c:\Users\ASUS\Documents\SQA24\JCBelajarCucumber\target\classes;C:\Users\ASUS\.m2\repository\org\slf4j\slf4j-simple\1.7.36\slf4j-simple-1.7.36.jar;C:\Users\ASUS\.m2\repository\org\slf4j\slf4j-api\1.7.36\slf4j-api-1.7.36.jar;C:\Users\ASUS\.m2\repository\org\testng\testng\7.10.2\testng-7.10.2.jar;C:\Users\ASUS\.m2\repository\com\beust\jcommander\1.82\jcommander-1.82.jar;C:\Users\ASUS\.m2\repository\org\webjars\jquery\3.7.1\jquery-3.7.1.jar;C:\Users\ASUS\.m2\repository\io\cucumber\cucumber-java\7.15.0\cucumber-java-7.15.0.jar;C:\Users\ASUS\.m2\repository\io\cucumber\cucumber-core\7.15.0\cucumber-core-7.15.0.jar;C:\Users\ASUS\.m2\repository\io\cucumber\cucumber-gherkin\7.15.0\cucumber-gherkin-7.15.0.jar;C:\Users\ASUS\.m2\repository\io\cucumber\cucumber-gherkin-messages\7.15.0\cucumber-gherkin-messages-7.15.0.jar;C:\Users\ASUS\.m2\repository\io\cucumber\gherkin\26.2.0\gherkin-26.2.0.jar;C:\Users\ASUS\.m2\repository\io\cucumber\messages\22.0.0\messages-22.0.0.jar;C:\Users\ASUS\.m2\repository\io\cucumber\tag-expressions\6.0.0\tag-expressions-6.0.0.jar;C:\Users\ASUS\.m2\repository\io\cucumber\cucumber-expressions\17.0.1\cucumber-expressions-17.0.1.jar;C:\Users\ASUS\.m2\repository\io\cucumber\datatable\7.15.0\datatable-7.15.0.jar;C:\Users\ASUS\.m2\repository\io\cucumber\cucumber-plugin\7.15.0\cucumber-plugin-7.15.0.jar;C:\Users\ASUS\.m2\repository\io\cucumber\docstring\7.15.0\docstring-7.15.0.jar;C:\Users\ASUS\.m2\repository\io\cucumber\html-formatter\20.4.0\html-formatter-20.4.0.jar;C:\Users\ASUS\.m2\repository\io\cucumber\junit-xml-formatter\0.2.0\junit-xml-formatter-0.2.0.jar;C:\Users\ASUS\.m2\repository\io\cucumber\ci-environment\10.0.0\ci-environment-10.0.0.jar;C:\Users\ASUS\.m2\repository\org\apiguardian\apiguardian-api\1.1.2\apiguardian-api-1.1.2.jar;C:\Users\ASUS\.m2\repository\io\cucumber\cucumber-testng\7.15.0\cucumber-testng-7.15.0.jar;C:\Users\ASUS\.m2\repository\com\aventstack\extentreports\5.1.1\extentreports-5.1.1.jar;C:\Users\ASUS\.m2\repository\io\reactivex\rxjava3\rxjava\3.1.6\rxjava-3.1.6.jar;C:\Users\ASUS\.m2\repository\org\reactivestreams\reactive-streams\1.0.4\reactive-streams-1.0.4.jar;C:\Users\ASUS\.m2\repository\org\freemarker\freemarker\2.3.32\freemarker-2.3.32.jar;C:\Users\ASUS\.m2\repository\org\projectlombok\lombok\1.18.26\lombok-1.18.26.jar;C:\Users\ASUS\.m2\repository\com\google\code\gson\gson\2.10.1\gson-2.10.1.jar;C:\Users\ASUS\.m2\repository\tech\grasshopper\extentreports-cucumber7-adapter\1.14.0\extentreports-cucumber7-adapter-1.14.0.jar;C:\Users\ASUS\.m2\repository\tech\grasshopper\extent-pdf-report\2.12.0\extent-pdf-report-2.12.0.jar;C:\Users\ASUS\.m2\repository\tech\grasshopper\cucumber-pdf-report\2.14.0\cucumber-pdf-report-2.14.0.jar;C:\Users\ASUS\.m2\repository\org\apache\pdfbox\pdfbox\2.0.26\pdfbox-2.0.26.jar;C:\Users\ASUS\.m2\repository\org\apache\pdfbox\fontbox\2.0.26\fontbox-2.0.26.jar;C:\Users\ASUS\.m2\repository\org\knowm\xchart\xchart\3.8.0\xchart-3.8.0.jar;C:\Users\ASUS\.m2\repository\de\erichseifert\vectorgraphics2d\VectorGraphics2D\0.13\VectorGraphics2D-0.13.jar;C:\Users\ASUS\.m2\repository\de\rototor\pdfbox\graphics2d\0.30\graphics2d-0.30.jar;C:\Users\ASUS\.m2\repository\com\madgag\animated-gif-lib\1.4\animated-gif-lib-1.4.jar;C:\Users\ASUS\.m2\repository\org\yaml\snakeyaml\2.0\snakeyaml-2.0.jar;C:\Users\ASUS\.m2\repository\tech\grasshopper\table-layout\1.5.1\table-layout-1.5.1.jar;C:\Users\ASUS\.m2\repository\tech\grasshopper\rest-assured-cucumber-pdf-report\1.5.0\rest-assured-cucumber-pdf-report-1.5.0.jar;C:\Users\ASUS\.m2\repository\org\jsoup\jsoup\1.15.3\jsoup-1.15.3.jar;C:\Users\ASUS\.m2\repository\com\aventstack\klov-reporter\5.1.0\klov-reporter-5.1.0.jar;C:\Users\ASUS\.m2\repository\org\mongodb\mongodb-driver\3.6.4\mongodb-driver-3.6.4.jar;C:\Users\ASUS\.m2\repository\org\mongodb\mongodb-driver-core\3.6.4\mongodb-driver-core-3.6.4.jar;C:\Users\ASUS\.m2\repository\org\mongodb\bson\3.6.4\bson-3.6.4.jar;C:\Users\ASUS\.m2\repository\org\apache\httpcomponents\httpclient\4.5.13\httpclient-4.5.13.jar;C:\Users\ASUS\.m2\repository\org\apache\httpcomponents\httpcore\4.4.13\httpcore-4.4.13.jar;C:\Users\ASUS\.m2\repository\commons-logging\commons-logging\1.2\commons-logging-1.2.jar;C:\Users\ASUS\.m2\repository\commons-codec\commons-codec\1.11\commons-codec-1.11.jar;C:\Users\ASUS\.m2\repository\org\apache\httpcomponents\httpmime\4.5.13\httpmime-4.5.13.jar;C:\Users\ASUS\.m2\repository\tech\grasshopper\htmlextentreporter\1.1.0\htmlextentreporter-1.1.0.jar;C:\Users\ASUS\.m2\repository\tech\grasshopper\extent-excel-report\1.4.0\extent-excel-report-1.4.0.jar;C:\Users\ASUS\.m2\repository\org\apache\poi\poi\5.2.3\poi-5.2.3.jar;C:\Users\ASUS\.m2\repository\org\apache\commons\commons-collections4\4.4\commons-collections4-4.4.jar;C:\Users\ASUS\.m2\repository\org\apache\commons\commons-math3\3.6.1\commons-math3-3.6.1.jar;C:\Users\ASUS\.m2\repository\commons-io\commons-io\2.11.0\commons-io-2.11.0.jar;C:\Users\ASUS\.m2\repository\com\zaxxer\SparseBitSet\1.2\SparseBitSet-1.2.jar;C:\Users\ASUS\.m2\repository\org\apache\logging\log4j\log4j-api\2.18.0\log4j-api-2.18.0.jar;C:\Users\ASUS\.m2\repository\org\apache\poi\poi-ooxml\5.2.3\poi-ooxml-5.2.3.jar;C:\Users\ASUS\.m2\repository\org\apache\poi\poi-ooxml-lite\5.2.3\poi-ooxml-lite-5.2.3.jar;C:\Users\ASUS\.m2\repository\org\apache\xmlbeans\xmlbeans\5.1.1\xmlbeans-5.1.1.jar;C:\Users\ASUS\.m2\repository\org\apache\commons\commons-compress\1.21\commons-compress-1.21.jar;C:\Users\ASUS\.m2\repository\com\github\virtuald\curvesapi\1.07\curvesapi-1.07.jar;"/>
    <property name="java.vm.vendor" value="Oracle Corporation"/>
    <property name="sun.arch.data.model" value="64"/>
    <property name="user.variant" value=""/>
    <property name="java.vendor.url" value="https://java.oracle.com/"/>
    <property name="user.timezone" value="Asia/Jakarta"/>
    <property name="os.name" value="Windows 11"/>
    <property name="java.vm.specification.version" value="17"/>
    <property name="sun.java.launcher" value="SUN_STANDARD"/>
    <property name="user.country" value="ID"/>
    <property name="sun.boot.library.path" value="C:\Program Files\Java\jdk-17\bin"/>
    <property name="sun.java.command" value="C:\Users\ASUS\AppData\Local\Temp\surefire12253684240641216738\surefirebooter-20250204001245813_3.jar C:\Users\ASUS\AppData\Local\Temp\surefire12253684240641216738 2025-02-04T00-12-45_053-jvmRun1 surefire-20250204001245813_1tmp surefire_0-20250204001245813_2tmp"/>
    <property name="jdk.debug" value="release"/>
    <property name="surefire.test.class.path" value="c:\Users\ASUS\Documents\SQA24\JCBelajarCucumber\target\test-classes;c:\Users\ASUS\Documents\SQA24\JCBelajarCucumber\target\classes;C:\Users\ASUS\.m2\repository\org\slf4j\slf4j-simple\1.7.36\slf4j-simple-1.7.36.jar;C:\Users\ASUS\.m2\repository\org\slf4j\slf4j-api\1.7.36\slf4j-api-1.7.36.jar;C:\Users\ASUS\.m2\repository\org\testng\testng\7.10.2\testng-7.10.2.jar;C:\Users\ASUS\.m2\repository\com\beust\jcommander\1.82\jcommander-1.82.jar;C:\Users\ASUS\.m2\repository\org\webjars\jquery\3.7.1\jquery-3.7.1.jar;C:\Users\ASUS\.m2\repository\io\cucumber\cucumber-java\7.15.0\cucumber-java-7.15.0.jar;C:\Users\ASUS\.m2\repository\io\cucumber\cucumber-core\7.15.0\cucumber-core-7.15.0.jar;C:\Users\ASUS\.m2\repository\io\cucumber\cucumber-gherkin\7.15.0\cucumber-gherkin-7.15.0.jar;C:\Users\ASUS\.m2\repository\io\cucumber\cucumber-gherkin-messages\7.15.0\cucumber-gherkin-messages-7.15.0.jar;C:\Users\ASUS\.m2\repository\io\cucumber\gherkin\26.2.0\gherkin-26.2.0.jar;C:\Users\ASUS\.m2\repository\io\cucumber\messages\22.0.0\messages-22.0.0.jar;C:\Users\ASUS\.m2\repository\io\cucumber\tag-expressions\6.0.0\tag-expressions-6.0.0.jar;C:\Users\ASUS\.m2\repository\io\cucumber\cucumber-expressions\17.0.1\cucumber-expressions-17.0.1.jar;C:\Users\ASUS\.m2\repository\io\cucumber\datatable\7.15.0\datatable-7.15.0.jar;C:\Users\ASUS\.m2\repository\io\cucumber\cucumber-plugin\7.15.0\cucumber-plugin-7.15.0.jar;C:\Users\ASUS\.m2\repository\io\cucumber\docstring\7.15.0\docstring-7.15.0.jar;C:\Users\ASUS\.m2\repository\io\cucumber\html-formatter\20.4.0\html-formatter-20.4.0.jar;C:\Users\ASUS\.m2\repository\io\cucumber\junit-xml-formatter\0.2.0\junit-xml-formatter-0.2.0.jar;C:\Users\ASUS\.m2\repository\io\cucumber\ci-environment\10.0.0\ci-environment-10.0.0.jar;C:\Users\ASUS\.m2\repository\org\apiguardian\apiguardian-api\1.1.2\apiguardian-api-1.1.2.jar;C:\Users\ASUS\.m2\repository\io\cucumber\cucumber-testng\7.15.0\cucumber-testng-7.15.0.jar;C:\Users\ASUS\.m2\repository\com\aventstack\extentreports\5.1.1\extentreports-5.1.1.jar;C:\Users\ASUS\.m2\repository\io\reactivex\rxjava3\rxjava\3.1.6\rxjava-3.1.6.jar;C:\Users\ASUS\.m2\repository\org\reactivestreams\reactive-streams\1.0.4\reactive-streams-1.0.4.jar;C:\Users\ASUS\.m2\repository\org\freemarker\freemarker\2.3.32\freemarker-2.3.32.jar;C:\Users\ASUS\.m2\repository\org\projectlombok\lombok\1.18.26\lombok-1.18.26.jar;C:\Users\ASUS\.m2\repository\com\google\code\gson\gson\2.10.1\gson-2.10.1.jar;C:\Users\ASUS\.m2\repository\tech\grasshopper\extentreports-cucumber7-adapter\1.14.0\extentreports-cucumber7-adapter-1.14.0.jar;C:\Users\ASUS\.m2\repository\tech\grasshopper\extent-pdf-report\2.12.0\extent-pdf-report-2.12.0.jar;C:\Users\ASUS\.m2\repository\tech\grasshopper\cucumber-pdf-report\2.14.0\cucumber-pdf-report-2.14.0.jar;C:\Users\ASUS\.m2\repository\org\apache\pdfbox\pdfbox\2.0.26\pdfbox-2.0.26.jar;C:\Users\ASUS\.m2\repository\org\apache\pdfbox\fontbox\2.0.26\fontbox-2.0.26.jar;C:\Users\ASUS\.m2\repository\org\knowm\xchart\xchart\3.8.0\xchart-3.8.0.jar;C:\Users\ASUS\.m2\repository\de\erichseifert\vectorgraphics2d\VectorGraphics2D\0.13\VectorGraphics2D-0.13.jar;C:\Users\ASUS\.m2\repository\de\rototor\pdfbox\graphics2d\0.30\graphics2d-0.30.jar;C:\Users\ASUS\.m2\repository\com\madgag\animated-gif-lib\1.4\animated-gif-lib-1.4.jar;C:\Users\ASUS\.m2\repository\org\yaml\snakeyaml\2.0\snakeyaml-2.0.jar;C:\Users\ASUS\.m2\repository\tech\grasshopper\table-layout\1.5.1\table-layout-1.5.1.jar;C:\Users\ASUS\.m2\repository\tech\grasshopper\rest-assured-cucumber-pdf-report\1.5.0\rest-assured-cucumber-pdf-report-1.5.0.jar;C:\Users\ASUS\.m2\repository\org\jsoup\jsoup\1.15.3\jsoup-1.15.3.jar;C:\Users\ASUS\.m2\repository\com\aventstack\klov-reporter\5.1.0\klov-reporter-5.1.0.jar;C:\Users\ASUS\.m2\repository\org\mongodb\mongodb-driver\3.6.4\mongodb-driver-3.6.4.jar;C:\Users\ASUS\.m2\repository\org\mongodb\mongodb-driver-core\3.6.4\mongodb-driver-core-3.6.4.jar;C:\Users\ASUS\.m2\repository\org\mongodb\bson\3.6.4\bson-3.6.4.jar;C:\Users\ASUS\.m2\repository\org\apache\httpcomponents\httpclient\4.5.13\httpclient-4.5.13.jar;C:\Users\ASUS\.m2\repository\org\apache\httpcomponents\httpcore\4.4.13\httpcore-4.4.13.jar;C:\Users\ASUS\.m2\repository\commons-logging\commons-logging\1.2\commons-logging-1.2.jar;C:\Users\ASUS\.m2\repository\commons-codec\commons-codec\1.11\commons-codec-1.11.jar;C:\Users\ASUS\.m2\repository\org\apache\httpcomponents\httpmime\4.5.13\httpmime-4.5.13.jar;C:\Users\ASUS\.m2\repository\tech\grasshopper\htmlextentreporter\1.1.0\htmlextentreporter-1.1.0.jar;C:\Users\ASUS\.m2\repository\tech\grasshopper\extent-excel-report\1.4.0\extent-excel-report-1.4.0.jar;C:\Users\ASUS\.m2\repository\org\apache\poi\poi\5.2.3\poi-5.2.3.jar;C:\Users\ASUS\.m2\repository\org\apache\commons\commons-collections4\4.4\commons-collections4-4.4.jar;C:\Users\ASUS\.m2\repository\org\apache\commons\commons-math3\3.6.1\commons-math3-3.6.1.jar;C:\Users\ASUS\.m2\repository\commons-io\commons-io\2.11.0\commons-io-2.11.0.jar;C:\Users\ASUS\.m2\repository\com\zaxxer\SparseBitSet\1.2\SparseBitSet-1.2.jar;C:\Users\ASUS\.m2\repository\org\apache\logging\log4j\log4j-api\2.18.0\log4j-api-2.18.0.jar;C:\Users\ASUS\.m2\repository\org\apache\poi\poi-ooxml\5.2.3\poi-ooxml-5.2.3.jar;C:\Users\ASUS\.m2\repository\org\apache\poi\poi-ooxml-lite\5.2.3\poi-ooxml-lite-5.2.3.jar;C:\Users\ASUS\.m2\repository\org\apache\xmlbeans\xmlbeans\5.1.1\xmlbeans-5.1.1.jar;C:\Users\ASUS\.m2\repository\org\apache\commons\commons-compress\1.21\commons-compress-1.21.jar;C:\Users\ASUS\.m2\repository\com\github\virtuald\curvesapi\1.07\curvesapi-1.07.jar;"/>
    <property name="sun.cpu.endian" value="little"/>
    <property name="user.home" value="C:\Users\ASUS"/>
    <property name="user.language" value="id"/>
    <property name="java.specification.vendor" value="Oracle Corporation"/>
    <property name="java.version.date" value="2024-01-16"/>
    <property name="java.home" value="C:\Program Files\Java\jdk-17"/>
    <property name="file.separator" value="\"/>
    <property name="basedir" value="c:\Users\ASUS\Documents\SQA24\JCBelajarCucumber"/>
    <property name="java.vm.compressedOopsMode" value="32-bit"/>
    <property name="line.separator" value="&#10;"/>
    <property name="java.vm.specification.vendor" value="Oracle Corporation"/>
    <property name="java.specification.name" value="Java Platform API Specification"/>
    <property name="surefire.real.class.path" value="C:\Users\ASUS\AppData\Local\Temp\surefire12253684240641216738\surefirebooter-20250204001245813_3.jar"/>
    <property name="user.script" value=""/>
    <property name="sun.management.compiler" value="HotSpot 64-Bit Tiered Compilers"/>
    <property name="java.runtime.version" value="17.0.10+11-LTS-240"/>
    <property name="user.name" value="ASUS"/>
    <property name="path.separator" value=";"/>
    <property name="os.version" value="10.0"/>
    <property name="java.runtime.name" value="Java(TM) SE Runtime Environment"/>
    <property name="file.encoding" value="Cp1252"/>
    <property name="java.vm.name" value="Java HotSpot(TM) 64-Bit Server VM"/>
    <property name="localRepository" value="C:\Users\ASUS\.m2\repository"/>
    <property name="java.vendor.url.bug" value="https://bugreport.java.com/bugreport/"/>
    <property name="java.io.tmpdir" value="C:\Users\ASUS\AppData\Local\Temp\"/>
    <property name="java.version" value="17.0.10"/>
    <property name="user.dir" value="c:\Users\ASUS\Documents\SQA24\JCBelajarCucumber"/>
    <property name="os.arch" value="amd64"/>
    <property name="java.vm.specification.name" value="Java Virtual Machine Specification"/>
    <property name="user.language.format" value="en"/>
    <property name="sun.os.patch.level" value=""/>
    <property name="native.encoding" value="Cp1252"/>
    <property name="java.library.path" value="C:\Program Files\Java\jdk-17\bin;C:\WINDOWS\Sun\Java\bin;C:\WINDOWS\system32;C:\WINDOWS;C:\Program Files\Python313\Scripts\;C:\Program Files\Python313\;C:\Program Files\Git\cmd;C:\Program Files\Git\mingw64\etc\ssl\certs;C:\Program Files\Common Files\Oracle\Java\javapath;C:\Program Files (x86)\Common Files\Oracle\Java\java8path;C:\Program Files (x86)\Common Files\Oracle\Java\javapath;C:\ProgramData\Oracle\Java\javapath;C:\WINDOWS\system32;C:\WINDOWS;C:\WINDOWS\System32\Wbem;C:\WINDOWS\System32\WindowsPowerShell\v1.0\;C:\WINDOWS\System32\OpenSSH\;C:\Program Files\Cloudflare\Cloudflare WARP\;C:\Program Files\Microsoft SQL Server\Client SDK\ODBC\170\Tools\Binn\;C:\Program Files (x86)\Microsoft SQL Server\150\Tools\Binn\;C:\Program Files\Microsoft SQL Server\150\Tools\Binn\;C:\Program Files\Microsoft SQL Server\150\DTS\Binn\;C:\Program Files (x86)\Microsoft SQL Server\160\DTS\Binn\;C:\Program Files\Azure Data Studio\bin;C:\Program Files\nodejs\;C:\Program Files\Java\jdk-17\bin;C:\Program Files\Maven\apache-maven-3.9.9\bin;C:\Users\ASUS\AppData\Roaming\Python\Python313\Scripts;C:\Users\ASUS\AppData\Local\Programs\Python\Launcher\;C:\Program Files\Git\cmd;C:\Program Files\Git\mingw64\etc\ssl\certs;C:\Users\ASUS\AppData\Local\Microsoft\WindowsApps;C:\Users\ASUS\AppData\Local\Programs\Microsoft VS Code\bin;C:\Program Files\Azure Data Studio\bin;C:\Users\ASUS\AppData\Roaming\npm;C:\Users\ASUS\AppData\Local\GitHubDesktop\bin;;c:\Users\ASUS\AppData\Roaming\Code\User\globalStorage\github.copilot-chat\debugCommand;."/>
    <property name="java.vm.info" value="mixed mode, sharing"/>
    <property name="java.vendor" value="Oracle Corporation"/>
    <property name="java.vm.version" value="17.0.10+11-LTS-240"/>
    <property name="sun.io.unicode.encoding" value="UnicodeLittle"/>
    <property name="java.class.version" value="61.0"/>
  </properties>
  <testcase name="runScenario[&quot;Successful SignIn with valid credentials&quot;, &quot;Auth Functionality&quot;](1)" classname="jc.belajar.cucumber.runners.RunnerTest" time="1.036">
    <system-out><![CDATA[INTIALIZE TEST

@Auth @SignIn @Mobile
Scenario: Successful SignIn with valid credentials &amp#27;[90m# src/test/resources/features/Authentication.feature:5&amp#27;[0m
setup
Before Step: Persiapan sebelum menjalankan langkah...
SignInDefinition:step01()
  &amp#27;[32mGiven &amp#27;[0m&amp#27;[32mUser is on the signin page&amp#27;[0m                 &amp#27;[90m# jc.belajar.cucumber.definitions.SignInDefinition.step01()&amp#27;[0m
After Step: Pembersihan setelah langkah selesai...
Before Step: Persiapan sebelum menjalankan langkah...
SignInDefinition:step02()
  &amp#27;[32mWhen &amp#27;[0m&amp#27;[32mUser enters valid username and password&amp#27;[0m     &amp#27;[90m# jc.belajar.cucumber.definitions.SignInDefinition.step02()&amp#27;[0m
After Step: Pembersihan setelah langkah selesai...
Before Step: Persiapan sebelum menjalankan langkah...
SignInDefinition:step03()
  &amp#27;[32mAnd &amp#27;[0m&amp#27;[32mUser clicks the signin button&amp#27;[0m                &amp#27;[90m# jc.belajar.cucumber.definitions.SignInDefinition.step03()&amp#27;[0m
After Step: Pembersihan setelah langkah selesai...
Before Step: Persiapan sebelum menjalankan langkah...
SignInDefinition:step04()
  &amp#27;[32mThen &amp#27;[0m&amp#27;[32mUser should be redirected to the homepage&amp#27;[0m   &amp#27;[90m# jc.belajar.cucumber.definitions.SignInDefinition.step04()&amp#27;[0m
After Step: Pembersihan setelah langkah selesai...
teardown
]]></system-out>
  </testcase>
  <testcase name="runScenario[&quot;Successful user registration&quot;, &quot;Auth Functionality&quot;](2)" classname="jc.belajar.cucumber.runners.RunnerTest" time="0.893">
    <system-out><![CDATA[
@Auth @Registration @Web @Test
Scenario: Successful user registration        &amp#27;[90m# src/test/resources/features/Authentication.feature:12&amp#27;[0m
setup
Before Step: Persiapan sebelum menjalankan langkah...
RegisterDefinition:step01()
  &amp#27;[32mGiven &amp#27;[0m&amp#27;[32mUser is on the registration page&amp#27;[0m      &amp#27;[90m# jc.belajar.cucumber.definitions.RegisterDefinition.step01()&amp#27;[0m
After Step: Pembersihan setelah langkah selesai...
Before Step: Persiapan sebelum menjalankan langkah...
RegisterDefinition:step02()
  &amp#27;[32mWhen &amp#27;[0m&amp#27;[32mUser enters valid registration details&amp#27;[0m &amp#27;[90m# jc.belajar.cucumber.definitions.RegisterDefinition.step02()&amp#27;[0m
After Step: Pembersihan setelah langkah selesai...
Before Step: Persiapan sebelum menjalankan langkah...
RegisterDefinition:step03()
  &amp#27;[32mAnd &amp#27;[0m&amp#27;[32mUser submits the registration form&amp#27;[0m      &amp#27;[90m# jc.belajar.cucumber.definitions.RegisterDefinition.step03()&amp#27;[0m
After Step: Pembersihan setelah langkah selesai...
Before Step: Persiapan sebelum menjalankan langkah...
RegisterDefinition:step04()
  &amp#27;[32mThen &amp#27;[0m&amp#27;[32mUser should see a success message&amp#27;[0m      &amp#27;[90m# jc.belajar.cucumber.definitions.RegisterDefinition.step04()&amp#27;[0m
After Step: Pembersihan setelah langkah selesai...
teardown
]]></system-out>
  </testcase>
  <testcase name="runScenario[&quot;Successful checkout with valid payment details&quot;, &quot;Checkout Process&quot;](3)" classname="jc.belajar.cucumber.runners.RunnerTest" time="0.629">
    <failure message="expected [false] but found [true]" type="java.lang.AssertionError"><![CDATA[java.lang.AssertionError: expected [false] but found [true]
	at org.testng.Assert.fail(Assert.java:111)
	at org.testng.Assert.failNotEquals(Assert.java:1578)
	at org.testng.Assert.assertEqualsImpl(Assert.java:150)
	at org.testng.Assert.assertEquals(Assert.java:132)
	at org.testng.Assert.assertEquals(Assert.java:1067)
	at org.testng.Assert.assertEquals(Assert.java:1031)
	at org.testng.Assert.assertEquals(Assert.java:1077)
	at jc.belajar.cucumber.definitions.CheckoutDefinition.step05(CheckoutDefinition.java:33)
	at ✽.User should see an order confirmation message(file:///c:/Users/ASUS/Documents/SQA24/JCBelajarCucumber/src/test/resources/features/Checkout.feature:9)
]]></failure>
    <system-out><![CDATA[
@Checkout @Test
Scenario: Successful checkout with valid payment details &amp#27;[90m# src/test/resources/features/Checkout.feature:4&amp#27;[0m
setup
Before Step: Persiapan sebelum menjalankan langkah...
CheckoutDefinition:step01()
  &amp#27;[32mGiven &amp#27;[0m&amp#27;[32mUser has items in the cart&amp#27;[0m                       &amp#27;[90m# jc.belajar.cucumber.definitions.CheckoutDefinition.step01()&amp#27;[0m
After Step: Pembersihan setelah langkah selesai...
Before Step: Persiapan sebelum menjalankan langkah...
CheckoutDefinition:step02()
  &amp#27;[32mWhen &amp#27;[0m&amp#27;[32mUser proceeds to checkout&amp#27;[0m                         &amp#27;[90m# jc.belajar.cucumber.definitions.CheckoutDefinition.step02()&amp#27;[0m
After Step: Pembersihan setelah langkah selesai...
Before Step: Persiapan sebelum menjalankan langkah...
CheckoutDefinition:step03()
  &amp#27;[32mAnd &amp#27;[0m&amp#27;[32mUser enters valid payment details&amp#27;[0m                  &amp#27;[90m# jc.belajar.cucumber.definitions.CheckoutDefinition.step03()&amp#27;[0m
After Step: Pembersihan setelah langkah selesai...
Before Step: Persiapan sebelum menjalankan langkah...
CheckoutDefinition:step04()
  &amp#27;[32mAnd &amp#27;[0m&amp#27;[32mUser confirms the order&amp#27;[0m                            &amp#27;[90m# jc.belajar.cucumber.definitions.CheckoutDefinition.step04()&amp#27;[0m
After Step: Pembersihan setelah langkah selesai...
Before Step: Persiapan sebelum menjalankan langkah...
CheckoutDefinition:step05()
  &amp#27;[31mThen &amp#27;[0m&amp#27;[31mUser should see an order confirmation message&amp#27;[0m     &amp#27;[90m# jc.belajar.cucumber.definitions.CheckoutDefinition.step05()&amp#27;[0m
      &amp#27;[31mjava.lang.AssertionError: expected [false] but found [true]
	at org.testng.Assert.fail(Assert.java:111)
	at org.testng.Assert.failNotEquals(Assert.java:1578)
	at org.testng.Assert.assertEqualsImpl(Assert.java:150)
	at org.testng.Assert.assertEquals(Assert.java:132)
	at org.testng.Assert.assertEquals(Assert.java:1067)
	at org.testng.Assert.assertEquals(Assert.java:1031)
	at org.testng.Assert.assertEquals(Assert.java:1077)
	at jc.belajar.cucumber.definitions.CheckoutDefinition.step05(CheckoutDefinition.java:33)
	at âœ½.User should see an order confirmation message(file:///c:/Users/ASUS/Documents/SQA24/JCBelajarCucumber/src/test/resources/features/Checkout.feature:9)
&amp#27;[0m
After Step: Pembersihan setelah langkah selesai...
teardown
]]></system-out>
  </testcase>
</testsuite>